[FATAL] 2019-12-20 07:50:58 : /Users/mrjun/LocalWeb/phppoem/core/load.php:45 Class 'images\controller\setico' not found
[FATAL] 2019-12-20 07:50:58 : /Users/mrjun/LocalWeb/phppoem/core/load.php:45 Class 'images\controller\actico' not found
[FATAL] 2019-12-20 07:50:58 : /Users/mrjun/LocalWeb/phppoem/core/load.php:45 Class 'images\controller\spico' not found
[FATAL] 2019-12-20 07:50:58 : /Users/mrjun/LocalWeb/phppoem/core/load.php:45 Class 'images\controller\ddico' not found
[FATAL] 2019-12-20 07:50:58 : /Users/mrjun/LocalWeb/phppoem/core/load.php:45 Class 'images\controller\memico' not found
[FATAL] 2019-12-20 07:50:58 : /Users/mrjun/LocalWeb/phppoem/core/load.php:45 Class 'images\controller\photo' not found
[FATAL] 2019-12-20 07:50:58 : /Users/mrjun/LocalWeb/phppoem/core/load.php:45 Class 'images\controller\wxico' not found
[FATAL] 2019-12-20 07:50:59 : /Users/mrjun/LocalWeb/phppoem/core/load.php:45 Class 'images\controller\sancico' not found
[FATAL] 2019-12-20 07:51:43 : /Users/mrjun/LocalWeb/phppoem/core/load.php:45 Class 'images\controller\setico' not found
[FATAL] 2019-12-20 07:51:43 : /Users/mrjun/LocalWeb/phppoem/core/load.php:45 Class 'images\controller\actico' not found
[FATAL] 2019-12-20 07:51:43 : /Users/mrjun/LocalWeb/phppoem/core/load.php:45 Class 'images\controller\spico' not found
[FATAL] 2019-12-20 07:51:43 : /Users/mrjun/LocalWeb/phppoem/core/load.php:45 Class 'images\controller\ddico' not found
[FATAL] 2019-12-20 07:51:43 : /Users/mrjun/LocalWeb/phppoem/core/load.php:45 Class 'images\controller\wxico' not found
[FATAL] 2019-12-20 07:51:43 : /Users/mrjun/LocalWeb/phppoem/core/load.php:45 Class 'images\controller\sancico' not found
[FATAL] 2019-12-20 07:51:43 : /Users/mrjun/LocalWeb/phppoem/core/load.php:45 Class 'images\controller\memico' not found
[FATAL] 2019-12-20 07:51:43 : /Users/mrjun/LocalWeb/phppoem/core/load.php:45 Class 'images\controller\photo' not found
[FATAL] 2019-12-20 07:51:44 : /Users/mrjun/LocalWeb/phppoem/core/load.php:45 Class 'images\controller\setico' not found
[FATAL] 2019-12-20 07:51:44 : /Users/mrjun/LocalWeb/phppoem/core/load.php:45 Class 'images\controller\spico' not found
[FATAL] 2019-12-20 07:51:44 : /Users/mrjun/LocalWeb/phppoem/core/load.php:45 Class 'images\controller\actico' not found
[FATAL] 2019-12-20 07:51:44 : /Users/mrjun/LocalWeb/phppoem/core/load.php:45 Class 'images\controller\sancico' not found
[FATAL] 2019-12-20 07:51:44 : /Users/mrjun/LocalWeb/phppoem/core/load.php:45 Class 'images\controller\ddico' not found
[FATAL] 2019-12-20 07:51:44 : /Users/mrjun/LocalWeb/phppoem/core/load.php:45 Class 'images\controller\wxico' not found
[FATAL] 2019-12-20 07:51:44 : /Users/mrjun/LocalWeb/phppoem/core/load.php:45 Class 'images\controller\photo' not found
[FATAL] 2019-12-20 07:51:44 : /Users/mrjun/LocalWeb/phppoem/core/load.php:45 Class 'images\controller\memico' not found
[FATAL] 2019-12-20 07:53:29 : /Users/mrjun/LocalWeb/phppoem/core/load.php:45 Class 'images\controller\setico' not found
[FATAL] 2019-12-20 07:53:29 : /Users/mrjun/LocalWeb/phppoem/core/load.php:45 Class 'images\controller\actico' not found
[FATAL] 2019-12-20 07:53:29 : /Users/mrjun/LocalWeb/phppoem/core/load.php:45 Class 'images\controller\spico' not found
[FATAL] 2019-12-20 07:53:29 : /Users/mrjun/LocalWeb/phppoem/core/load.php:45 Class 'images\controller\memico' not found
[FATAL] 2019-12-20 07:53:29 : /Users/mrjun/LocalWeb/phppoem/core/load.php:45 Class 'images\controller\wxico' not found
[FATAL] 2019-12-20 07:53:29 : /Users/mrjun/LocalWeb/phppoem/core/load.php:45 Class 'images\controller\sancico' not found
[FATAL] 2019-12-20 07:53:29 : /Users/mrjun/LocalWeb/phppoem/core/load.php:45 Class 'images\controller\ddico' not found
[FATAL] 2019-12-20 07:53:29 : /Users/mrjun/LocalWeb/phppoem/core/load.php:45 Class 'images\controller\photo' not found
[FATAL] 2019-12-20 07:53:30 : /Users/mrjun/LocalWeb/phppoem/core/load.php:45 Class 'images\controller\spico' not found
[FATAL] 2019-12-20 07:53:30 : /Users/mrjun/LocalWeb/phppoem/core/load.php:45 Class 'images\controller\actico' not found
[FATAL] 2019-12-20 07:53:30 : /Users/mrjun/LocalWeb/phppoem/core/load.php:45 Class 'images\controller\setico' not found
[FATAL] 2019-12-20 07:53:30 : /Users/mrjun/LocalWeb/phppoem/core/load.php:45 Class 'images\controller\sancico' not found
[FATAL] 2019-12-20 07:53:30 : /Users/mrjun/LocalWeb/phppoem/core/load.php:45 Class 'images\controller\ddico' not found
[FATAL] 2019-12-20 07:53:30 : /Users/mrjun/LocalWeb/phppoem/core/load.php:45 Class 'images\controller\memico' not found
[FATAL] 2019-12-20 07:53:30 : /Users/mrjun/LocalWeb/phppoem/core/load.php:45 Class 'images\controller\photo' not found
[FATAL] 2019-12-20 07:53:30 : /Users/mrjun/LocalWeb/phppoem/core/load.php:45 Class 'images\controller\wxico' not found
[FATAL] 2019-12-20 07:53:48 : /Users/mrjun/LocalWeb/phppoem/core/load.php:45 Class 'images\controller\actico' not found
[FATAL] 2019-12-20 07:53:48 : /Users/mrjun/LocalWeb/phppoem/core/load.php:45 Class 'images\controller\setico' not found
[FATAL] 2019-12-20 07:53:48 : /Users/mrjun/LocalWeb/phppoem/core/load.php:45 Class 'images\controller\spico' not found
[FATAL] 2019-12-20 07:53:48 : /Users/mrjun/LocalWeb/phppoem/core/load.php:45 Class 'images\controller\wxico' not found
[FATAL] 2019-12-20 07:53:48 : /Users/mrjun/LocalWeb/phppoem/core/load.php:45 Class 'images\controller\ddico' not found
[FATAL] 2019-12-20 07:53:48 : /Users/mrjun/LocalWeb/phppoem/core/load.php:45 Class 'images\controller\memico' not found
[FATAL] 2019-12-20 07:53:48 : /Users/mrjun/LocalWeb/phppoem/core/load.php:45 Class 'images\controller\sancico' not found
[FATAL] 2019-12-20 07:53:48 : /Users/mrjun/LocalWeb/phppoem/core/load.php:45 Class 'images\controller\photo' not found
[FATAL] 2019-12-20 07:54:41 : /Users/mrjun/LocalWeb/phppoem/core/load.php:45 Class 'images\controller\photo' not found
[FATAL] 2019-12-20 07:55:10 : /Users/mrjun/LocalWeb/phppoem/core/load.php:45 Class 'images\controller\photo' not found
[FATAL] 2019-12-20 07:55:44 : /Users/mrjun/LocalWeb/phppoem/core/load.php:45 Class 'images\controller\photo' not found
[FATAL] 2019-12-20 07:57:00 : /Users/mrjun/LocalWeb/phppoem/core/load.php:45 Class 'images\controller\photo' not found
[FATAL] 2019-12-20 07:57:11 : /Users/mrjun/LocalWeb/phppoem/core/load.php:45 Class 'images\controller\photo' not found
[FATAL] 2019-12-20 07:57:12 : /Users/mrjun/LocalWeb/phppoem/core/load.php:45 Class 'images\controller\photo' not found
[FATAL] 2019-12-20 07:57:12 : /Users/mrjun/LocalWeb/phppoem/core/load.php:45 Class 'images\controller\photo' not found
[FATAL] 2019-12-20 07:57:13 : /Users/mrjun/LocalWeb/phppoem/core/load.php:45 Class 'images\controller\photo' not found
[FATAL] 2019-12-20 07:58:31 : /Users/mrjun/LocalWeb/phppoem/core/load.php:45 Class 'images\controller\photo' not found
[FATAL] 2019-12-20 07:58:58 : /Users/mrjun/LocalWeb/phppoem/core/load.php:45 Class 'images\controller\photo' not found
[FATAL] 2019-12-20 07:58:59 : /Users/mrjun/LocalWeb/phppoem/core/load.php:45 Class 'images\controller\photo' not found
[FATAL] 2019-12-20 07:59:00 : /Users/mrjun/LocalWeb/phppoem/core/load.php:45 Class 'images\controller\photo' not found
[FATAL] 2019-12-20 07:59:00 : /Users/mrjun/LocalWeb/phppoem/core/load.php:45 Class 'images\controller\photo' not found
[FATAL] 2019-12-20 07:59:01 : /Users/mrjun/LocalWeb/phppoem/core/load.php:45 Class 'images\controller\photo' not found
[FATAL] 2019-12-20 07:59:13 : /Users/mrjun/LocalWeb/phppoem/core/load.php:45 Class 'images\controller\photo' not found
[FATAL] 2019-12-20 07:59:15 : /Users/mrjun/LocalWeb/phppoem/core/load.php:45 Class 'images\controller\photo' not found
[FATAL] 2019-12-20 07:59:15 : /Users/mrjun/LocalWeb/phppoem/core/load.php:45 Class 'images\controller\photo' not found
[FATAL] 2019-12-20 07:59:16 : /Users/mrjun/LocalWeb/phppoem/core/load.php:45 Class 'images\controller\photo' not found
[FATAL] 2019-12-20 07:59:16 : /Users/mrjun/LocalWeb/phppoem/core/load.php:45 Class 'images\controller\photo' not found
[FATAL] 2019-12-20 07:59:16 : /Users/mrjun/LocalWeb/phppoem/core/load.php:45 Class 'images\controller\photo' not found
[FATAL] 2019-12-20 07:59:17 : /Users/mrjun/LocalWeb/phppoem/core/load.php:45 Class 'images\controller\photo' not found
[FATAL] 2019-12-20 07:59:18 : /Users/mrjun/LocalWeb/phppoem/core/load.php:45 Class 'images\controller\photo' not found
[FATAL] 2019-12-20 07:59:18 : /Users/mrjun/LocalWeb/phppoem/core/load.php:45 Class 'images\controller\photo' not found
[FATAL] 2019-12-20 07:59:19 : /Users/mrjun/LocalWeb/phppoem/core/load.php:45 Class 'images\controller\photo' not found
[FATAL] 2019-12-20 07:59:19 : /Users/mrjun/LocalWeb/phppoem/core/load.php:45 Class 'images\controller\photo' not found
